make all --print-data-base --no-builtin-variables --no-builtin-rules --question
# GNU Make 3.81
# Copyright (C) 2006  Free Software Foundation, Inc.
# This is free software; see the source for copying conditions.
# There is NO warranty; not even for MERCHANTABILITY or FITNESS FOR A
# PARTICULAR PURPOSE.

# This program built for i386-apple-darwin11.3.0
 

# Make data base, printed on Mon Sep 27 14:47:34 2021

# Variables

# environment
JENV_SHELL = zsh
# environment
 
RUBY_VERSION = ruby-3.0.0
# makefile (from `Makefile', line 27)
CMP_FILES = srcs/tests/main.cpp
# automatic
<D = $(patsubst %/,%,$(dir $<))
# automatic
?F = $(notdir $?)
# makefile (from `Makefile', line 23)
FT_FILES = srcs/tests/ft_main.cpp
# environment
VSCODE_LOG_NATIVE = false
# automatic
?D = $(patsubst %/,%,$(dir $?))
# environment
rvm_path = /Users/ambervandam/.rvm
# automatic
@D = $(patsubst %/,%,$(dir $@))
# automatic
@F = $(notdir $@)
# makefile
CURDIR := /Users/ambervandam/Documents/codam/ft_containers
# makefile
SHELL = /bin/sh
# environment
VSCODE_NLS_CONFIG = {"locale":"en-gb","availableLanguages":{},"_languagePackSupport":true}
# environment
_ = /usr/bin/make
# makefile (from `Makefile', line 1)
MAKEFILE_LIST :=  Makefile
# environment
VSCODE_VERBOSE_LOGGING = true
# environment
VSCODE_IPC_HOOK_EXTHOST = /var/folders/sj/40x5fkpx1rg1l_wlgz8rzd100000gn/T/vscode-ipc-f4814b00-d8a7-46d0-bf3b-f0ceb27fe3ba.sock
# environment
VSCODE_CWD = /
# makefile (from `Makefile', line 17)
STD_NAME = srcs/tests/ft_containers_std
# environment
PATH = /Users/ambervandam/.rvm/gems/ruby-3.0.0/bin:/Users/ambervandam/.rvm/gems/ruby-3.0.0@global/bin:/Users/ambervandam/.rvm/rubies/ruby-3.0.0/bin:/Users/ambervandam/.jenv/shims:/Users/ambervandam/.jenv/bin:/Users/ambervandam/.pyenv/bin:/usr/local/bin:/usr/bin:/bin:/usr/sbin:/sbin:/Users/ambervandam/.rvm/bin
# environment
JENV_FORCEJAVAHOME = true
# environment
LaunchInstanceID = 0B1A7B65-9F3E-4B68-BF71-E14CC6365102
# environment
VSCODE_LOG_STACK = false
# environment
ELECTRON_RUN_AS_NODE = 1
# environment
PYENV_ROOT = /Users/ambervandam/.pyenv
# default
.FEATURES := target-specific order-only second-expansion else-if archives jobserver check-symlink
# environment
SSH_AUTH_SOCK = /private/tmp/com.apple.launchd.jhwjskfMqN/Listeners
# environment
JDK_HOME = /Users/ambervandam/.jenv/versions/16.0
# automatic
%F = $(notdir $%)
# environment
VSCODE_PIPE_LOGGING = true
# environment
rvm_bin_path = /Users/ambervandam/.rvm/bin
# environment
PWD = /Users/ambervandam/Documents/codam/ft_containers
# environment
GEM_HOME = /Users/ambervandam/.rvm/gems/ruby-3.0.0
# environment
ORIGINAL_XDG_CURRENT_DESKTOP = undefined
# environment
VSCODE_AMD_ENTRYPOINT = vs/workbench/services/extensions/node/extensionHostProcess
# environment
PYENV_SHELL = zsh
# environment
HOME = /Users/ambervandam
# default
MAKEFILEPATH = $(shell /usr/bin/xcode-select -print-path 2>/dev/null || echo /Developer)/Makefiles
# environment
VSCODE_CODE_CACHE_PATH = /Users/ambervandam/Library/Application Support/Code/CachedData/c3f126316369cd610563c75b1b1725e0679adfb3
# environment
LOGNAME = ambervandam
# environment
APPLICATION_INSIGHTS_NO_DIAGNOSTIC_CHANNEL = true
# environment
VSCODE_HANDLES_UNCAUGHT_ERRORS = true
# automatic
^D = $(patsubst %/,%,$(dir $^))
# makefile (from `Makefile', line 25)
STD_FILES = srcs/tests/std_main.cpp
# environment
JENV_FORCEJDKHOME = true
# environment
GEM_PATH = /Users/ambervandam/.rvm/gems/ruby-3.0.0:/Users/ambervandam/.rvm/gems/ruby-3.0.0@global
# environment
XPC_FLAGS = 0x0
# default
MAKE = $(MAKE_COMMAND)
# default
MAKECMDGOALS := all
# environment
IRBRC = /Users/ambervandam/.rvm/rubies/ruby-3.0.0/.irbrc
# environment
SHLVL = 1
# environment
JAVA_HOME = /Users/ambervandam/.jenv/versions/16.0
# default
MAKE_VERSION := 3.81
# environment
USER = ambervandam
# makefile
.DEFAULT_GOAL := all
# makefile (from `Makefile', line 13)
NAME = ft_containers
# environment
JENV_LOADED = 1
# environment
rvm_version = 1.29.11 (latest)
# automatic
%D = $(patsubst %/,%,$(dir $%))
# default
MAKE_COMMAND := /Library/Developer/CommandLineTools/usr/bin/make
# default
.VARIABLES := 
# environment
TMPDIR = /var/folders/sj/40x5fkpx1rg1l_wlgz8rzd100000gn/T/
# automatic
*F = $(notdir $*)
# environment
VSCODE_IPC_HOOK = /Users/ambervandam/Library/Application Support/Code/1.58.2-main.sock
# makefile
MAKEFLAGS = Rrqp
# makefile (from `Makefile', line 15)
FT_NAME = srcs/tests/ft_containers_ft
# environment
MFLAGS = -Rrqp
# automatic
*D = $(patsubst %/,%,$(dir $*))
# environment
XPC_SERVICE_NAME = com.apple.xpc.launchd.oneshot.0x10000003.Electron
# automatic
+D = $(patsubst %/,%,$(dir $+))
# automatic
+F = $(notdir $+)
# environment
__CF_USER_TEXT_ENCODING = 0x1F5:0x0:0x2
# environment
COMMAND_MODE = unix2003
# default
MAKEFILES := 
# environment
VSCODE_BROWSER_CODE_LOADING = bypassHeatCheck
# automatic
<F = $(notdir $<)
# makefile (from `Makefile', line 19)
CXX = clang++
# environment
LC_ALL = C
# environment
SECURITYSESSIONID = 186a6
# automatic
^F = $(notdir $^)
# environment
rvm_prefix = /Users/ambervandam
# default
SUFFIXES := 
# makefile (from `Makefile', line 21)
FLAGS = -Wall -Wextra -Werror -pedantic -std=c++98 -g -fsanitize=address
# default
.INCLUDE_DIRS = /usr/local/include
# environment
MAKELEVEL := 0
# environment
LANG = C
# environment
VSCODE_PID = 379
# environment
MY_RUBY_HOME = /Users/ambervandam/.rvm/rubies/ruby-3.0.0
# variable set hash-table stats:
# Load=89/1024=9%, Rehash=0, Collisions=3/134=2%

# Pattern-specific Variable Values

# No pattern-specific variable values.

# Directories

# . (device 16777222, inode 8681064): 10 files, no impossibilities.

# 10 files, no impossibilities in 1 directories.

# Implicit Rules

# No implicit rules.

# Files

all: ft_containers
#  Phony target (prerequisite of .PHONY).
#  Command-line target.
#  Implicit rule search has not been done.
#  File does not exist.
#  File has been updated.
#  Needs to be updated (-q is set).
# variable set hash-table stats:
# Load=0/32=0%, Rehash=0, Collisions=0/16=0%

.PHONY: all clean fclean re
#  Implicit rule search has not been done.
#  Modification time never checked.
#  File has not been updated.

# Not a target:
.SUFFIXES:
#  Implicit rule search has not been done.
#  Modification time never checked.
#  File has not been updated.

# Not a target:
Makefile:
#  Implicit rule search has been done.
 
#  Last modified 2021-09-27 14:47:28
#  File has been updated.
#  Successfully updated.
# variable set hash-table stats:
# Load=0/32=0%, Rehash=0, Collisions=0/0=0%

# Not a target:
srcs/tests/std_main.cpp:
#  Implicit rule search has been done.
#  Last modified 2021-09-27 12:42:53
#  File has been updated.
#  Successfully updated.
# variable set hash-table stats:
# Load=0/32=0%, Rehash=0, Collisions=0/0=0%

# Not a target:
srcs/tests/main.cpp:
#  Implicit rule search has been done.
#  Last modified 2021-09-27 12:45:04
#  File has been updated.
#  Successfully updated.
# variable set hash-table stats:
# Load=0/32=0%, Rehash=0, Collisions=0/0=0%

fclean: clean
#  Phony target (prerequisite of .PHONY).
#  Implicit rule search has not been done.
#  File does not exist.
#  File has not been updated.
#  commands to execute (from `Makefile', line 42):
	rm -rf srcs/tests/myfile_ft.txt srcs/tests/myfile_std.txt srcs/tests/myfile_ft_time.txt srcs/tests/myfile_std_time.txt
	

# Not a target:
.DEFAULT:
#  Implicit rule search has not been done.
#  Modification time never checked.
#  File has not been updated.

ft_containers: srcs/tests/main.cpp srcs/tests/std_main.cpp srcs/tests/ft_main.cpp
#  Implicit rule search has not been done.
#  Implicit/static pattern stem: `'
#  File does not exist.
#  File has been updated.
#  Needs to be updated (-q is set).
# automatic
# @ := ft_containers
# automatic
# % := 
# automatic
# * := 
# automatic
# + := srcs/tests/main.cpp srcs/tests/std_main.cpp srcs/tests/ft_main.cpp
# automatic
# | := 
# automatic
# < := srcs/tests/main.cpp
# automatic
# ^ := srcs/tests/main.cpp srcs/tests/std_main.cpp srcs/tests/ft_main.cpp
# automatic
# ? := srcs/tests/main.cpp srcs/tests/std_main.cpp srcs/tests/ft_main.cpp
# variable set hash-table stats:
# Load=8/32=25%, Rehash=0, Collisions=2/24=8%
#  commands to execute (from `Makefile', line 32):
	$(CXX) $(FT_FILES) $(FLAGS) -o $(FT_NAME)
	./$(FT_NAME)
	$(CXX) $(STD_FILES) $(FLAGS) -o $(STD_NAME)
	./$(STD_NAME)
	$(CXX) $(CMP_FILES) $(FLAGS) -o $(NAME)
	

re: fclean all
#  Phony target (prerequisite of .PHONY).
#  Implicit rule search has not been done.
#  File does not exist.
#  File has not been updated.

clean:
#  Phony target (prerequisite of .PHONY).
#  Implicit rule search has not been done.
#  File does not exist.
#  File has not been updated.
#  commands to execute (from `Makefile', line 39):
	rm -f $(NAME) $(CMP_NAME) $(STD_NAME) $(FT_NAME)
	

# Not a target:
srcs/tests/ft_main.cpp:
#  Implicit rule search has been done.
#  Last modified 2021-09-27 14:41:38
#  File has been updated.
#  Successfully updated.
# variable set hash-table stats:
# Load=0/32=0%, Rehash=0, Collisions=0/0=0%

# files hash-table stats:
# Load=12/1024=1%, Rehash=0, Collisions=0/37=0%
# VPATH Search Paths

# No `vpath' search paths.

# No general (`VPATH' variable) search path.

# # of strings in strcache: 1
# # of strcache buffers: 1
# strcache size: total = 4096 / max = 4096 / min = 4096 / avg = 4096
# strcache free: total = 4087 / max = 4087 / min = 4087 / avg = 4087

# Finished Make data base on Mon Sep 27 14:47:34 2021

 
